0 info it worked if it ends with ok
1 verbose cli [ 'node',
1 verbose cli   '/usr/local/bin/npm',
1 verbose cli   'install',
1 verbose cli   '-g',
1 verbose cli   'react-native-cli' ]
2 info using npm@2.12.1
3 info using node@v0.12.4
4 verbose node symlink /usr/local/bin/node
5 verbose install initial load of /usr/local/lib/package.json
6 verbose readDependencies loading dependencies from /usr/local/lib/package.json
7 silly cache add args [ 'react-native-cli', null ]
8 verbose cache add spec react-native-cli
9 silly cache add parsed spec { raw: 'react-native-cli',
9 silly cache add   scope: null,
9 silly cache add   name: 'react-native-cli',
9 silly cache add   rawSpec: '',
9 silly cache add   spec: '*',
9 silly cache add   type: 'range' }
10 silly addNamed react-native-cli@*
11 verbose addNamed "*" is a valid semver range for react-native-cli
12 silly addNameRange { name: 'react-native-cli', range: '*', hasData: false }
13 silly mapToRegistry name react-native-cli
14 silly mapToRegistry using default registry
15 silly mapToRegistry registry https://registry.npmjs.org/
16 silly mapToRegistry uri https://registry.npmjs.org/react-native-cli
17 verbose addNameRange registry:https://registry.npmjs.org/react-native-cli not in flight; fetching
18 verbose request uri https://registry.npmjs.org/react-native-cli
19 verbose request no auth needed
20 info attempt registry request try #1 at 19:51:04
21 verbose request id 21d07f98748bc53c
22 http request GET https://registry.npmjs.org/react-native-cli
23 http 200 https://registry.npmjs.org/react-native-cli
24 silly get cb [ 200,
24 silly get   { server: 'CouchDB/1.5.0 (Erlang OTP/R16B03)',
24 silly get     etag: '"7V9BG2SJ3PU10LE7R987HJ27X"',
24 silly get     'content-type': 'application/json',
24 silly get     'cache-control': 'max-age=60',
24 silly get     'content-length': '4918',
24 silly get     'accept-ranges': 'bytes',
24 silly get     date: 'Sun, 13 Sep 2015 23:51:04 GMT',
24 silly get     via: '1.1 varnish',
24 silly get     age: '0',
24 silly get     connection: 'keep-alive',
24 silly get     'x-served-by': 'cache-iad2134-IAD',
24 silly get     'x-cache': 'MISS',
24 silly get     'x-cache-hits': '0',
24 silly get     'x-timer': 'S1442188264.239953,VS0,VE92',
24 silly get     vary: 'Accept' } ]
25 verbose get saving react-native-cli to /Users/Sanjay/.npm/registry.npmjs.org/react-native-cli/.cache.json
26 silly addNameRange number 2 { name: 'react-native-cli', range: '*', hasData: true }
27 silly addNameRange versions [ 'react-native-cli',
27 silly addNameRange   [ '0.0.0', '0.0.1', '0.1.2', '0.1.3', '0.1.4' ] ]
28 silly addNamed react-native-cli@0.1.4
29 verbose addNamed "0.1.4" is a plain semver version for react-native-cli
30 silly mapToRegistry name react-native-cli
31 silly mapToRegistry using default registry
32 silly mapToRegistry registry https://registry.npmjs.org/
33 silly mapToRegistry uri https://registry.npmjs.org/react-native-cli
34 verbose addRemoteTarball https://registry.npmjs.org/react-native-cli/-/react-native-cli-0.1.4.tgz not in flight; adding
35 verbose addRemoteTarball [ 'https://registry.npmjs.org/react-native-cli/-/react-native-cli-0.1.4.tgz',
35 verbose addRemoteTarball   '2989108e113cf4e0b61097a0801f41f99220dd2a' ]
36 info retry fetch attempt 1 at 19:51:04
37 info attempt registry request try #1 at 19:51:04
38 http fetch GET https://registry.npmjs.org/react-native-cli/-/react-native-cli-0.1.4.tgz
39 http fetch 200 https://registry.npmjs.org/react-native-cli/-/react-native-cli-0.1.4.tgz
40 silly fetchAndShaCheck shasum 2989108e113cf4e0b61097a0801f41f99220dd2a
41 verbose addTmpTarball /var/folders/6p/7nh3dp_n2bbddtj70p15z7n80000gn/T/npm-3681-f16c073c/registry.npmjs.org/react-native-cli/-/react-native-cli-0.1.4.tgz not in flight; adding
42 verbose addTmpTarball already have metadata; skipping unpack for react-native-cli@0.1.4
43 silly cache afterAdd react-native-cli@0.1.4
44 verbose afterAdd /Users/Sanjay/.npm/react-native-cli/0.1.4/package/package.json not in flight; writing
45 verbose afterAdd /Users/Sanjay/.npm/react-native-cli/0.1.4/package/package.json written
46 silly install resolved [ { name: 'react-native-cli',
46 silly install resolved     version: '0.1.4',
46 silly install resolved     description: 'The ReactNative cli tools',
46 silly install resolved     main: 'index.js',
46 silly install resolved     bin: { 'react-native': 'index.js' },
46 silly install resolved     dependencies: { prompt: '^0.2.14' },
46 silly install resolved     _id: 'react-native-cli@0.1.4',
46 silly install resolved     scripts: {},
46 silly install resolved     _shasum: '2989108e113cf4e0b61097a0801f41f99220dd2a',
46 silly install resolved     _from: 'react-native-cli@*',
46 silly install resolved     _npmVersion: '2.1.18',
46 silly install resolved     _nodeVersion: '0.10.35',
46 silly install resolved     _npmUser: { name: 'vjeux', email: 'vjeuxx@gmail.com' },
46 silly install resolved     maintainers: [ [Object], [Object], [Object], [Object] ],
46 silly install resolved     dist:
46 silly install resolved      { shasum: '2989108e113cf4e0b61097a0801f41f99220dd2a',
46 silly install resolved        tarball: 'http://registry.npmjs.org/react-native-cli/-/react-native-cli-0.1.4.tgz' },
46 silly install resolved     directories: {},
46 silly install resolved     _resolved: 'https://registry.npmjs.org/react-native-cli/-/react-native-cli-0.1.4.tgz' } ]
47 info install react-native-cli@0.1.4 into /usr/local/lib
48 info installOne react-native-cli@0.1.4
49 verbose installOne of react-native-cli to /usr/local/lib not in flight; installing
50 verbose stack Error: Attempt to unlock /usr/local/lib/node_modules/react-native-cli, which hasn't been locked
50 verbose stack     at unlock (/usr/local/lib/node_modules/npm/lib/utils/locker.js:64:11)
50 verbose stack     at cb (/usr/local/lib/node_modules/npm/lib/install.js:1017:5)
50 verbose stack     at /usr/local/lib/node_modules/npm/lib/install.js:1021:20
50 verbose stack     at /usr/local/lib/node_modules/npm/lib/utils/locker.js:25:20
50 verbose stack     at zalgoSafe (/usr/local/lib/node_modules/npm/node_modules/dezalgo/dezalgo.js:20:10)
50 verbose stack     at /usr/local/lib/node_modules/npm/lib/utils/correct-mkdir.js:108:12
50 verbose stack     at FSReqWrap.oncomplete (fs.js:95:15)
51 verbose cwd /Users/Sanjay/Development/Projects/Python-Projects/scraper-app
52 error Darwin 14.1.0
53 error argv "node" "/usr/local/bin/npm" "install" "-g" "react-native-cli"
54 error node v0.12.4
55 error npm  v2.12.1
56 error Attempt to unlock /usr/local/lib/node_modules/react-native-cli, which hasn't been locked
57 error If you need help, you may report this error at:
57 error     <https://github.com/npm/npm/issues>
58 verbose exit [ 1, true ]
